<?xml version="1.0" encoding="UTF-8"?>
<!-- Generated by org.testng.reporters.JUnitReportReporter -->
<testsuite hostname="LAPTOP-8577FR0S" failures="0" tests="1" name="exercise.tests.Scenario1" time="16.509" errors="0" timestamp="2025-01-17T18:48:21 IST" skipped="0">
  <testcase classname="exercise.tests.Scenario1" name="testLogin" time="16.509"/>
  <system-out/>
</testsuite> <!-- exercise.tests.Scenario1 -->
