<?xml version="1.0" encoding="UTF-8"?>
<!-- Generated by org.testng.reporters.JUnitReportReporter -->
<testsuite hostname="LAPTOP-8577FR0S" failures="0" tests="1" name="exercise.tests.Scenario2" time="1.646" errors="0" timestamp="2025-01-17T20:06:17 IST" skipped="0">
  <testcase classname="exercise.tests.Scenario2" name="getUsers" time="1.646"/>
  <system-out/>
</testsuite> <!-- exercise.tests.Scenario2 -->
